[debug] [2025-03-18T06:41:12.224Z] ----------------------------------------------------------------------
[debug] [2025-03-18T06:41:12.226Z] Command:       C:\Program Files\nodejs\node.exe C:\Users\tasne\AppData\Roaming\npm\node_modules\firebase-tools\lib\bin\firebase.js login
[debug] [2025-03-18T06:41:12.227Z] CLI Version:   13.34.0
[debug] [2025-03-18T06:41:12.227Z] Platform:      win32
[debug] [2025-03-18T06:41:12.227Z] Node Version:  v20.11.0
[debug] [2025-03-18T06:41:12.227Z] Time:          Tue Mar 18 2025 12:11:12 GMT+0530 (India Standard Time)
[debug] [2025-03-18T06:41:12.227Z] ----------------------------------------------------------------------
[debug] 
[debug] [2025-03-18T06:41:12.229Z] >>> [apiv2][query] GET https://firebase-public.firebaseio.com/cli.json [none]
[info] i  Firebase optionally collects CLI and Emulator Suite usage and error reporting information to help improve our products. Data is collected in accordance with Google's privacy policy (https://policies.google.com/privacy) and is not used to identify you.
 
[debug] [2025-03-18T06:41:13.049Z] <<< [apiv2][status] GET https://firebase-public.firebaseio.com/cli.json 200
[debug] [2025-03-18T06:41:13.050Z] <<< [apiv2][body] GET https://firebase-public.firebaseio.com/cli.json {"cloudBuildErrorAfter":1594252800000,"cloudBuildWarnAfter":1590019200000,"defaultNode10After":1594252800000,"minVersion":"3.0.5","node8DeploysDisabledAfter":1613390400000,"node8RuntimeDisabledAfter":1615809600000,"node8WarnAfter":1600128000000}
[info] i  To change your data collection preference at any time, run `firebase logout` and log in again. 
[info] 
[info] Visit this URL on this device to log in:
[info] https://accounts.google.com/o/oauth2/auth?client_id=563584335869-fgrhgmd47bqnekij5i8b5pr03ho849e6.apps.googleusercontent.com&scope=email%20openid%20https%3A%2F%2Fwww.googleapis.com%2Fauth%2Fcloudplatformprojects.readonly%20https%3A%2F%2Fwww.googleapis.com%2Fauth%2Ffirebase%20https%3A%2F%2Fwww.googleapis.com%2Fauth%2Fcloud-platform&response_type=code&state=739977176&redirect_uri=http%3A%2F%2Flocalhost%3A9005
[info] 
[info] Waiting for authentication...
[debug] [2025-03-18T06:42:08.050Z] >>> [apiv2][query] POST https://auth.firebase.tools/attest [none]
[debug] [2025-03-18T06:42:08.050Z] >>> [apiv2][body] POST https://auth.firebase.tools/attest {"session_id":"56543773-0cbf-42a6-b271-ca1a28acb448"}
[debug] [2025-03-18T06:42:08.889Z] <<< [apiv2][status] POST https://auth.firebase.tools/attest 200
[debug] [2025-03-18T06:42:08.889Z] <<< [apiv2][body] POST https://auth.firebase.tools/attest {"token":"HB1EQGmZPRIi1tOQ3U1vXxrOc-G_fRwXhnuKEMWIDeQ"}
[info] 
[info] To sign in to the Firebase CLI:
[info] 
[info] 1. Take note of your session ID:
[info] 
[info]    56543
[info] 
[info] 2. Visit the URL below on any device and follow the instructions to get your code:
[info] 
[info]    https://auth.firebase.tools/login?code_challenge=vkBXMb5jHtD5LPY9gvA62ottJxfMpGdJ8SqORiJI7KE&session=56543773-0cbf-42a6-b271-ca1a28acb448&attest=HB1EQGmZPRIi1tOQ3U1vXxrOc-G_fRwXhnuKEMWIDeQ
[info] 
[info] 3. Paste or enter the authorization code below once you have it:
[info] 
